<?xml version="1.0" encoding="UTF-8"?>
<!-- Generated by org.testng.reporters.JUnitXMLReporter -->
<testsuite hostname="DESKTOP-FDR873T" ignored="0" tests="2" failures="0" timestamp="05 Mar 2018 20:09:47 GMT" time="0.064" errors="0">
  <testcase name="@BeforeTest startReport" time="0.017" classname="ExtendReports">
    <failure type="java.lang.NoClassDefFoundError" message="freemarker/template/TemplateModelException">
      <![CDATA[java.lang.NoClassDefFoundError: freemarker/template/TemplateModelException
at ExtendReports.startReport(ExtendReports.java:25)
Caused by: java.lang.ClassNotFoundException: freemarker.template.TemplateModelException
at java.net.URLClassLoader.findClass(Unknown Source)
at java.lang.ClassLoader.loadClass(Unknown Source)
at sun.misc.Launcher$AppClassLoader.loadClass(Unknown Source)
at java.lang.ClassLoader.loadClass(Unknown Source)
... 25 more
... Removed 24 stack frames]]>
    </failure>
  </testcase> <!-- @BeforeTest startReport -->
  <testcase name="@BeforeMethod register" time="0.0" classname="ExtendReports">
    <skipped/>
  </testcase> <!-- @BeforeMethod register -->
  <testcase name="@AfterMethod captureStatus" time="0.0" classname="ExtendReports">
    <skipped/>
  </testcase> <!-- @AfterMethod captureStatus -->
  <testcase name="@BeforeMethod register" time="0.0" classname="ExtendReports">
    <skipped/>
  </testcase> <!-- @BeforeMethod register -->
  <testcase name="@AfterMethod captureStatus" time="0.0" classname="ExtendReports">
    <skipped/>
  </testcase> <!-- @AfterMethod captureStatus -->
  <testcase name="@AfterTest cleanup" time="0.0" classname="ExtendReports">
    <skipped/>
  </testcase> <!-- @AfterTest cleanup -->
  <testcase name="methodOne" time="0.0" classname="ExtendReports">
    <skipped/>
  </testcase> <!-- methodOne -->
  <testcase name="methodTwo" time="0.0" classname="ExtendReports">
    <skipped/>
  </testcase> <!-- methodTwo -->
</testsuite>
